limbo-android-lib/build/intermediates/manifest_merge_blame_file/debug/manifest-merger-blame-debug-report.txt
1<?xml version="1.0" encoding="utf-8"?>
2<manifest xmlns:android="http://schemas.android.com/apk/res/android"
3    xmlns:tools="http://schemas.android.com/tools"
4    package="com.limbo.emu.lib"
5    android:installLocation="auto" >
6
7    <uses-sdk android:minSdkVersion="21" />
8
9    <uses-permission android:name="android.permission.INTERNET" />
9-->src\main\AndroidManifest.xml:7:5-67
9-->src\main\AndroidManifest.xml:7:22-64
10    <uses-permission android:name="android.permission.READ_EXTERNAL_STORAGE" />
10-->src\main\AndroidManifest.xml:8:5-80
10-->src\main\AndroidManifest.xml:8:22-77
11    <uses-permission android:name="android.permission.WRITE_EXTERNAL_STORAGE" />
11-->src\main\AndroidManifest.xml:9:5-81
11-->src\main\AndroidManifest.xml:9:22-78
12    <uses-permission android:name="android.permission.ACCESS_NETWORK_STATE" />
12-->src\main\AndroidManifest.xml:10:5-79
12-->src\main\AndroidManifest.xml:10:22-76
13    <uses-permission android:name="android.permission.WAKE_LOCK" />
13-->src\main\AndroidManifest.xml:11:5-68
13-->src\main\AndroidManifest.xml:11:22-65
14    <uses-permission android:name="android.permission.ACCESS_WIFI_STATE" />
14-->src\main\AndroidManifest.xml:12:5-76
14-->src\main\AndroidManifest.xml:12:22-73
15    <uses-permission android:name="android.permission.CHANGE_WIFI_STATE" />
15-->src\main\AndroidManifest.xml:13:5-76
15-->src\main\AndroidManifest.xml:13:22-73
16    <uses-permission android:name="android.permission.CHANGE_NETWORK_STATE" />
16-->src\main\AndroidManifest.xml:14:5-79
16-->src\main\AndroidManifest.xml:14:22-76
17    <uses-permission android:name="android.permission.VIBRATE" />
17-->src\main\AndroidManifest.xml:15:5-66
17-->src\main\AndroidManifest.xml:15:22-63
18    <uses-permission android:name="android.permission.MODIFY_AUDIO_SETTINGS" />
18-->src\main\AndroidManifest.xml:16:5-80
18-->src\main\AndroidManifest.xml:16:22-77
19    <uses-permission android:name="android.permission.FOREGROUND_SERVICE" />
19-->src\main\AndroidManifest.xml:17:5-77
19-->src\main\AndroidManifest.xml:17:22-74
20
21    <uses-feature android:glEsVersion="0x00020000" />
21-->src\main\AndroidManifest.xml:18:5-54
21-->src\main\AndroidManifest.xml:18:19-51
22
23    <application
23-->src\main\AndroidManifest.xml:20:5-53:19
24        android:name="com.max2idea.android.limbo.main.LimboApplication"
24-->src\main\AndroidManifest.xml:21:9-72
25        android:allowBackup="true"
25-->src\main\AndroidManifest.xml:22:9-35
26        android:hardwareAccelerated="true"
26-->src\main\AndroidManifest.xml:23:9-43
27        android:icon="@drawable/limbo"
27-->src\main\AndroidManifest.xml:24:9-39
28        android:largeHeap="true"
28-->src\main\AndroidManifest.xml:26:9-33
29        android:requestLegacyExternalStorage="true"
29-->src\main\AndroidManifest.xml:27:9-52
30        android:roundIcon="@drawable/limbo_circle"
30-->src\main\AndroidManifest.xml:25:9-51
31        android:theme="@style/Theme.AppCompat" >
31-->src\main\AndroidManifest.xml:28:9-47
32        <activity
32-->src\main\AndroidManifest.xml:30:9-33:51
33            android:name="com.max2idea.android.limbo.main.LimboFileManager"
33-->src\main\AndroidManifest.xml:31:13-76
34            android:configChanges="mcc|mnc|locale|touchscreen|keyboard|keyboardHidden|navigation|screenLayout|fontScale|uiMode|orientation|screenSize|smallestScreenSize"
34-->src\main\AndroidManifest.xml:32:13-170
35            android:label="@string/filemanager" />
35-->src\main\AndroidManifest.xml:33:13-48
36        <activity
36-->src\main\AndroidManifest.xml:34:9-39:66
37            android:name="com.max2idea.android.limbo.main.LimboSDLActivity"
37-->src\main\AndroidManifest.xml:35:13-76
38            android:configChanges="mcc|mnc|locale|touchscreen|keyboard|keyboardHidden|navigation|screenLayout|fontScale|uiMode|orientation|screenSize|smallestScreenSize"
38-->src\main\AndroidManifest.xml:36:13-170
39            android:label="@string/app_name"
39-->src\main\AndroidManifest.xml:37:13-45
40            android:launchMode="singleTask"
40-->src\main\AndroidManifest.xml:38:13-44
41            android:theme="@style/Theme.AppCompat.NoActionBar" />
41-->src\main\AndroidManifest.xml:39:13-63
42        <activity
42-->src\main\AndroidManifest.xml:40:9-43:48
43            android:name="com.max2idea.android.limbo.main.LimboSettingsManager"
43-->src\main\AndroidManifest.xml:41:13-80
44            android:configChanges="mcc|mnc|locale|touchscreen|keyboard|keyboardHidden|navigation|screenLayout|fontScale|uiMode|orientation|screenSize|smallestScreenSize"
44-->src\main\AndroidManifest.xml:42:13-170
45            android:label="@string/Settings" />
45-->src\main\AndroidManifest.xml:43:13-45
46
47        <service
47-->src\main\AndroidManifest.xml:44:9-52:19
48            android:name="com.max2idea.android.limbo.machine.MachineService"
48-->src\main\AndroidManifest.xml:45:13-77
49            android:enabled="true"
49-->src\main\AndroidManifest.xml:46:13-35
50            android:exported="false"
50-->src\main\AndroidManifest.xml:47:13-37
51            android:label="@string/limboservice" >
51-->src\main\AndroidManifest.xml:48:13-49
52            <intent-filter>
52-->src\main\AndroidManifest.xml:49:13-51:29
53                <action android:name="com.max2idea.android.limbo.action.STARTVM" />
53-->src\main\AndroidManifest.xml:50:17-84
53-->src\main\AndroidManifest.xml:50:25-81
54            </intent-filter>
55        </service>
56    </application>
57
58</manifest>